# JRE version: OpenJDK Runtime Environment Microsoft-8297089 (17.0.8.1+1) (build 17.0.8.1+1-LTS)
# Java VM: OpenJDK 64-Bit Server VM Microsoft-8297089 (17.0.8.1+1-LTS, mixed mode, sharing, tiered, compressed oops, compressed class ptrs, g1 gc, windows-amd64)
GC Precious Log:
 CPUs: 4 total, 4 available
 Memory: 6093M
 Large Page Support: Disabled
 NUMA Support: Disabled
 Compressed Oops: Enabled (32-bit)
 Heap Region Size: 1M
 Heap Min Capacity: 8M
 Heap Initial Capacity: 96M
 Heap Max Capacity: 2G
 Pre-touch: Disabled
 Parallel Workers: 4
 Concurrent Workers: 1
 Concurrent Refinement Workers: 4
 Periodic GC: Disabled
Heap:
 garbage-first heap   total 371712K, used 235520K [0x0000000080000000, 0x0000000100000000)
  region size 1024K, 68 young (69632K), 15 survivors (15360K)
 Metaspace       used 101041K, committed 102208K, reserved 557056K
  class space    used 13909K, committed 14464K, reserved 425984K
GC Heap History (20 events):
Event: 39.600 GC heap before
{Heap before GC invocations=28 (full 0):
 garbage-first heap   total 172032K, used 87463K [0x0000000080000000, 0x0000000100000000)
  region size 1024K, 6 young (6144K), 5 survivors (5120K)
 Metaspace       used 79894K, committed 80640K, reserved 557056K
  class space    used 11111K, committed 11456K, reserved 425984K
}
Event: 39.609 GC heap after
{Heap after GC invocations=29 (full 0):
 garbage-first heap   total 172032K, used 89169K [0x0000000080000000, 0x0000000100000000)
  region size 1024K, 2 young (2048K), 2 survivors (2048K)
 Metaspace       used 79894K, committed 80640K, reserved 557056K
  class space    used 11111K, committed 11456K, reserved 425984K
}
Event: 40.591 GC heap before
{Heap before GC invocations=30 (full 0):
 garbage-first heap   total 173056K, used 127057K [0x0000000080000000, 0x0000000100000000)
  region size 1024K, 32 young (32768K), 2 survivors (2048K)
 Metaspace       used 81572K, committed 82368K, reserved 557056K
  class space    used 11340K, committed 11712K, reserved 425984K
}
Event: 40.604 GC heap after
{Heap after GC invocations=31 (full 0):
 garbage-first heap   total 173056K, used 102274K [0x0000000080000000, 0x0000000100000000)
  region size 1024K, 4 young (4096K), 4 survivors (4096K)
 Metaspace       used 81572K, committed 82368K, reserved 557056K
  class space    used 11340K, committed 11712K, reserved 425984K
}
Event: 40.745 GC heap before
{Heap before GC invocations=31 (full 0):
 garbage-first heap   total 173056K, used 106370K [0x0000000080000000, 0x0000000100000000)
  region size 1024K, 8 young (8192K), 4 survivors (4096K)
 Metaspace       used 81928K, committed 82688K, reserved 557056K
  class space    used 11403K, committed 11712K, reserved 425984K
}
Event: 40.753 GC heap after
{Heap after GC invocations=32 (full 0):
 garbage-first heap   total 173056K, used 102177K [0x0000000080000000, 0x0000000100000000)
  region size 1024K, 1 young (1024K), 1 survivors (1024K)
 Metaspace       used 81928K, committed 82688K, reserved 557056K
  class space    used 11403K, committed 11712K, reserved 425984K
}
Event: 41.926 GC heap before
{Heap before GC invocations=32 (full 0):
 garbage-first heap   total 173056K, used 128801K [0x0000000080000000, 0x0000000100000000)
  region size 1024K, 27 young (27648K), 1 survivors (1024K)
 Metaspace       used 82999K, committed 83776K, reserved 557056K
  class space    used 11564K, committed 11904K, reserved 425984K
}
Event: 41.935 GC heap after
{Heap after GC invocations=33 (full 0):
 garbage-first heap   total 173056K, used 104337K [0x0000000080000000, 0x0000000100000000)
  region size 1024K, 3 young (3072K), 3 survivors (3072K)
 Metaspace       used 82999K, committed 83776K, reserved 557056K
  class space    used 11564K, committed 11904K, reserved 425984K
}
Event: 43.013 GC heap before
{Heap before GC invocations=34 (full 0):
 garbage-first heap   total 191488K, used 137105K [0x0000000080000000, 0x0000000100000000)
  region size 1024K, 29 young (29696K), 3 survivors (3072K)
 Metaspace       used 84886K, committed 85696K, reserved 557056K
  class space    used 11801K, committed 12160K, reserved 425984K
}
Event: 43.034 GC heap after
{Heap after GC invocations=35 (full 0):
 garbage-first heap   total 191488K, used 118339K [0x0000000080000000, 0x0000000100000000)
  region size 1024K, 4 young (4096K), 4 survivors (4096K)
 Metaspace       used 84886K, committed 85696K, reserved 557056K
  class space    used 11801K, committed 12160K, reserved 425984K
}
Event: 43.155 GC heap before
{Heap before GC invocations=35 (full 0):
 garbage-first heap   total 191488K, used 123459K [0x0000000080000000, 0x0000000100000000)
  region size 1024K, 9 young (9216K), 4 survivors (4096K)
 Metaspace       used 85046K, committed 85952K, reserved 557056K
  class space    used 11825K, committed 12224K, reserved 425984K
}
Event: 43.164 GC heap after
{Heap after GC invocations=36 (full 0):
 garbage-first heap   total 371712K, used 118101K [0x0000000080000000, 0x0000000100000000)
  region size 1024K, 1 young (1024K), 1 survivors (1024K)
 Metaspace       used 85046K, committed 85952K, reserved 557056K
  class space    used 11825K, committed 12224K, reserved 425984K
}
Event: 46.236 GC heap before
{Heap before GC invocations=36 (full 0):
 garbage-first heap   total 371712K, used 237909K [0x0000000080000000, 0x0000000100000000)
  region size 1024K, 116 young (118784K), 1 survivors (1024K)
 Metaspace       used 90261K, committed 91136K, reserved 557056K
  class space    used 12557K, committed 12928K, reserved 425984K
}
Event: 46.276 GC heap after
{Heap after GC invocations=37 (full 0):
 garbage-first heap   total 371712K, used 134556K [0x0000000080000000, 0x0000000100000000)
  region size 1024K, 15 young (15360K), 15 survivors (15360K)
 Metaspace       used 90261K, committed 91136K, reserved 557056K
  class space    used 12557K, committed 12928K, reserved 425984K
}
Event: 58.604 GC heap before
{Heap before GC invocations=37 (full 0):
 garbage-first heap   total 371712K, used 254364K [0x0000000080000000, 0x0000000100000000)
  region size 1024K, 132 young (135168K), 15 survivors (15360K)
 Metaspace       used 94657K, committed 95616K, reserved 557056K
  class space    used 13111K, committed 13568K, reserved 425984K
}
Event: 58.661 GC heap after
{Heap after GC invocations=38 (full 0):
 garbage-first heap   total 371712K, used 149410K [0x0000000080000000, 0x0000000100000000)
  region size 1024K, 15 young (15360K), 15 survivors (15360K)
 Metaspace       used 94657K, committed 95616K, reserved 557056K
  class space    used 13111K, committed 13568K, reserved 425984K
}
Event: 68.785 GC heap before
{Heap before GC invocations=38 (full 0):
 garbage-first heap   total 371712K, used 266146K [0x0000000080000000, 0x0000000100000000)
  region size 1024K, 129 young (132096K), 15 survivors (15360K)
 Metaspace       used 99333K, committed 100416K, reserved 557056K
  class space    used 13750K, committed 14272K, reserved 425984K
}
Event: 68.863 GC heap after
{Heap after GC invocations=39 (full 0):
 garbage-first heap   total 371712K, used 167883K [0x0000000080000000, 0x0000000100000000)
  region size 1024K, 17 young (17408K), 17 survivors (17408K)
 Metaspace       used 99333K, committed 100416K, reserved 557056K
  class space    used 13750K, committed 14272K, reserved 425984K
}
Event: 72.491 GC heap before
{Heap before GC invocations=39 (full 0):
 garbage-first heap   total 371712K, used 274379K [0x0000000080000000, 0x0000000100000000)
  region size 1024K, 122 young (124928K), 17 survivors (17408K)
 Metaspace       used 100972K, committed 102144K, reserved 557056K
  class space    used 13909K, committed 14464K, reserved 425984K
}
Event: 72.564 GC heap after
{Heap after GC invocations=40 (full 0):
 garbage-first heap   total 371712K, used 183296K [0x0000000080000000, 0x0000000100000000)
  region size 1024K, 15 young (15360K), 15 survivors (15360K)
 Metaspace       used 100972K, committed 102144K, reserved 557056K
  class space    used 13909K, committed 14464K, reserved 425984K
}

